<?xml version="1.0" encoding="UTF-8" ?>
<testsuite failures="0" time="0.016" errors="1" skipped="0" tests="1" name="com.tecplata.esb.test.camel.CamelMockedRouteTest">
  <properties>
    <property name="java.runtime.name" value="Java(TM) SE Runtime Environment"/>
    <property name="sun.boot.library.path" value="/usr/lib/jvm/java-6-sun-1.6.0.30/jre/lib/i386"/>
    <property name="java.vm.version" value="20.5-b03"/>
    <property name="java.vm.vendor" value="Sun Microsystems Inc."/>
    <property name="java.vendor.url" value="http://java.sun.com/"/>
    <property name="path.separator" value=":"/>
    <property name="java.vm.name" value="Java HotSpot(TM) Server VM"/>
    <property name="file.encoding.pkg" value="sun.io"/>
    <property name="user.country" value="AR"/>
    <property name="sun.java.launcher" value="SUN_STANDARD"/>
    <property name="sun.os.patch.level" value="unknown"/>
    <property name="java.vm.specification.name" value="Java Virtual Machine Specification"/>
    <property name="user.dir" value="/home/ramiro/tecPlata/workspace/exampleCamelCXF"/>
    <property name="java.runtime.version" value="1.6.0_30-b12"/>
    <property name="java.awt.graphicsenv" value="sun.awt.X11GraphicsEnvironment"/>
    <property name="basedir" value="/home/ramiro/tecPlata/workspace/exampleCamelCXF"/>
    <property name="java.endorsed.dirs" value="/usr/lib/jvm/java-6-sun-1.6.0.30/jre/lib/endorsed"/>
    <property name="os.arch" value="i386"/>
    <property name="surefire.real.class.path" value="/tmp/surefirebooter6625387942429397409.jar"/>
    <property name="java.io.tmpdir" value="/tmp"/>
    <property name="line.separator" value="
"/>
    <property name="java.vm.specification.vendor" value="Sun Microsystems Inc."/>
    <property name="os.name" value="Linux"/>
    <property name="sun.jnu.encoding" value="UTF-8"/>
    <property name="java.library.path" value="/usr/lib/jvm/java-6-sun-1.6.0.30/jre/lib/i386/server:/usr/lib/jvm/java-6-sun-1.6.0.30/jre/lib/i386:/usr/lib/jvm/java-6-sun-1.6.0.30/jre/../lib/i386:/usr/lib/jvm/java-6-sun-1.6.0.30/jre/lib/i386/client:/usr/lib/jvm/java-6-sun-1.6.0.30/jre/lib/i386::/usr/java/packages/lib/i386:/lib:/usr/lib"/>
    <property name="surefire.test.class.path" value="/home/ramiro/tecPlata/workspace/exampleCamelCXF/target/test-classes:/home/ramiro/tecPlata/workspace/exampleCamelCXF/target/classes:/home/ramiro/.m2/repository/org/springframework/spring-context/3.0.7.RELEASE/spring-context-3.0.7.RELEASE.jar:/home/ramiro/.m2/repository/org/springframework/spring-aop/3.0.7.RELEASE/spring-aop-3.0.7.RELEASE.jar:/home/ramiro/.m2/repository/aopalliance/aopalliance/1.0/aopalliance-1.0.jar:/home/ramiro/.m2/repository/org/springframework/spring-asm/3.0.7.RELEASE/spring-asm-3.0.7.RELEASE.jar:/home/ramiro/.m2/repository/org/springframework/spring-beans/3.0.7.RELEASE/spring-beans-3.0.7.RELEASE.jar:/home/ramiro/.m2/repository/org/springframework/spring-core/3.0.7.RELEASE/spring-core-3.0.7.RELEASE.jar:/home/ramiro/.m2/repository/commons-logging/commons-logging/1.1.1/commons-logging-1.1.1.jar:/home/ramiro/.m2/repository/org/springframework/spring-expression/3.0.7.RELEASE/spring-expression-3.0.7.RELEASE.jar:/home/ramiro/.m2/repository/org/springframework/spring-tx/3.0.7.RELEASE/spring-tx-3.0.7.RELEASE.jar:/home/ramiro/.m2/repository/org/apache/camel/camel-spring/2.10.0.redhat-60024/camel-spring-2.10.0.redhat-60024.jar:/home/ramiro/.m2/repository/org/apache/camel/camel-core/2.10.0.redhat-60024/camel-core-2.10.0.redhat-60024.jar:/home/ramiro/.m2/repository/org/slf4j/slf4j-api/1.6.6/slf4j-api-1.6.6.jar:/home/ramiro/.m2/repository/org/apache/camel/camel-cxf/2.10.0.redhat-60024/camel-cxf-2.10.0.redhat-60024.jar:/home/ramiro/.m2/repository/org/apache/camel/camel-cxf-transport/2.10.0.redhat-60024/camel-cxf-transport-2.10.0.redhat-60024.jar:/home/ramiro/.m2/repository/org/apache/cxf/cxf-rt-core/2.6.0.redhat-60024/cxf-rt-core-2.6.0.redhat-60024.jar:/home/ramiro/.m2/repository/org/apache/cxf/cxf-api/2.6.0.redhat-60024/cxf-api-2.6.0.redhat-60024.jar:/home/ramiro/.m2/repository/org/codehaus/woodstox/woodstox-core-asl/4.2.0/woodstox-core-asl-4.2.0.jar:/home/ramiro/.m2/repository/org/codehaus/woodstox/stax2-api/3.1.1/stax2-api-3.1.1.jar:/home/ramiro/.m2/repository/org/apache/ws/xmlschema/xmlschema-core/2.0.3/xmlschema-core-2.0.3.jar:/home/ramiro/.m2/repository/org/apache/geronimo/specs/geronimo-javamail_1.4_spec/1.7.1/geronimo-javamail_1.4_spec-1.7.1.jar:/home/ramiro/.m2/repository/wsdl4j/wsdl4j/1.6.2/wsdl4j-1.6.2.jar:/home/ramiro/.m2/repository/com/sun/xml/bind/jaxb-impl/2.1.13/jaxb-impl-2.1.13.jar:/home/ramiro/.m2/repository/org/apache/cxf/cxf-rt-bindings-soap/2.6.0.redhat-60024/cxf-rt-bindings-soap-2.6.0.redhat-60024.jar:/home/ramiro/.m2/repository/org/apache/cxf/cxf-rt-databinding-jaxb/2.6.0.redhat-60024/cxf-rt-databinding-jaxb-2.6.0.redhat-60024.jar:/home/ramiro/.m2/repository/org/apache/cxf/cxf-rt-frontend-jaxrs/2.6.0.redhat-60024/cxf-rt-frontend-jaxrs-2.6.0.redhat-60024.jar:/home/ramiro/.m2/repository/javax/ws/rs/jsr311-api/1.1.1/jsr311-api-1.1.1.jar:/home/ramiro/.m2/repository/org/apache/cxf/cxf-rt-bindings-xml/2.6.0.redhat-60024/cxf-rt-bindings-xml-2.6.0.redhat-60024.jar:/home/ramiro/.m2/repository/org/apache/cxf/cxf-rt-transports-http/2.6.0.redhat-60024/cxf-rt-transports-http-2.6.0.redhat-60024.jar:/home/ramiro/.m2/repository/org/apache/cxf/cxf-rt-frontend-jaxws/2.6.0.redhat-60024/cxf-rt-frontend-jaxws-2.6.0.redhat-60024.jar:/home/ramiro/.m2/repository/xml-resolver/xml-resolver/1.2/xml-resolver-1.2.jar:/home/ramiro/.m2/repository/asm/asm/3.3.1/asm-3.3.1.jar:/home/ramiro/.m2/repository/org/apache/cxf/cxf-rt-frontend-simple/2.6.0.redhat-60024/cxf-rt-frontend-simple-2.6.0.redhat-60024.jar:/home/ramiro/.m2/repository/org/apache/cxf/cxf-rt-ws-addr/2.6.0.redhat-60024/cxf-rt-ws-addr-2.6.0.redhat-60024.jar:/home/ramiro/.m2/repository/org/apache/cxf/cxf-rt-ws-policy/2.6.0.redhat-60024/cxf-rt-ws-policy-2.6.0.redhat-60024.jar:/home/ramiro/.m2/repository/org/apache/neethi/neethi/3.0.2/neethi-3.0.2.jar:/home/ramiro/.m2/repository/org/apache/camel/camel-blueprint/2.10.0.redhat-60024/camel-blueprint-2.10.0.redhat-60024.jar:/home/ramiro/.m2/repository/org/apache/camel/camel-core-xml/2.10.0.redhat-60024/camel-core-xml-2.10.0.redhat-60024.jar:/home/ramiro/.m2/repository/org/apache/camel/camel-core-osgi/2.10.0.redhat-60024/camel-core-osgi-2.10.0.redhat-60024.jar:/home/ramiro/.m2/repository/org/apache/aries/blueprint/org.apache.aries.blueprint/1.0.1.redhat-60024/org.apache.aries.blueprint-1.0.1.redhat-60024.jar:/home/ramiro/.m2/repository/org/apache/camel/camel-jetty/2.10.0.redhat-60024/camel-jetty-2.10.0.redhat-60024.jar:/home/ramiro/.m2/repository/org/apache/camel/camel-http/2.10.0.redhat-60024/camel-http-2.10.0.redhat-60024.jar:/home/ramiro/.m2/repository/org/apache/geronimo/specs/geronimo-servlet_2.5_spec/1.1.2/geronimo-servlet_2.5_spec-1.1.2.jar:/home/ramiro/.m2/repository/commons-httpclient/commons-httpclient/3.1/commons-httpclient-3.1.jar:/home/ramiro/.m2/repository/commons-codec/commons-codec/1.6/commons-codec-1.6.jar:/home/ramiro/.m2/repository/org/eclipse/jetty/jetty-server/7.6.7.v20120910/jetty-server-7.6.7.v20120910.jar:/home/ramiro/.m2/repository/org/eclipse/jetty/orbit/javax.servlet/2.5.0.v201103041518/javax.servlet-2.5.0.v201103041518.jar:/home/ramiro/.m2/repository/org/eclipse/jetty/jetty-continuation/7.6.7.v20120910/jetty-continuation-7.6.7.v20120910.jar:/home/ramiro/.m2/repository/org/eclipse/jetty/jetty-http/7.6.7.v20120910/jetty-http-7.6.7.v20120910.jar:/home/ramiro/.m2/repository/org/eclipse/jetty/jetty-io/7.6.7.v20120910/jetty-io-7.6.7.v20120910.jar:/home/ramiro/.m2/repository/org/eclipse/jetty/jetty-util/7.6.7.v20120910/jetty-util-7.6.7.v20120910.jar:/home/ramiro/.m2/repository/org/eclipse/jetty/jetty-security/7.6.7.v20120910/jetty-security-7.6.7.v20120910.jar:/home/ramiro/.m2/repository/org/eclipse/jetty/jetty-servlet/7.6.7.v20120910/jetty-servlet-7.6.7.v20120910.jar:/home/ramiro/.m2/repository/org/eclipse/jetty/jetty-servlets/7.6.7.v20120910/jetty-servlets-7.6.7.v20120910.jar:/home/ramiro/.m2/repository/org/eclipse/jetty/jetty-client/7.6.7.v20120910/jetty-client-7.6.7.v20120910.jar:/home/ramiro/.m2/repository/org/eclipse/jetty/jetty-jmx/7.6.7.v20120910/jetty-jmx-7.6.7.v20120910.jar:/home/ramiro/.m2/repository/org/apache/camel/camel-jms/2.10.0.redhat-60024/camel-jms-2.10.0.redhat-60024.jar:/home/ramiro/.m2/repository/org/springframework/spring-jms/3.1.3.RELEASE/spring-jms-3.1.3.RELEASE.jar:/home/ramiro/.m2/repository/org/apache/camel/camel-test-spring/2.10.0.redhat-60024/camel-test-spring-2.10.0.redhat-60024.jar:/home/ramiro/.m2/repository/org/apache/camel/camel-test/2.10.0.redhat-60024/camel-test-2.10.0.redhat-60024.jar:/home/ramiro/.m2/repository/junit/junit/4.10/junit-4.10.jar:/home/ramiro/.m2/repository/org/hamcrest/hamcrest-core/1.1/hamcrest-core-1.1.jar:/home/ramiro/.m2/repository/org/springframework/spring-test/3.1.3.RELEASE/spring-test-3.1.3.RELEASE.jar:/home/ramiro/.m2/repository/org/slf4j/slf4j-log4j12/1.6.1/slf4j-log4j12-1.6.1.jar:/home/ramiro/.m2/repository/log4j/log4j/1.2.16/log4j-1.2.16.jar:"/>
    <property name="java.specification.name" value="Java Platform API Specification"/>
    <property name="java.class.version" value="50.0"/>
    <property name="sun.management.compiler" value="HotSpot Tiered Compilers"/>
    <property name="os.version" value="3.2.0-43-generic-pae"/>
    <property name="user.home" value="/home/ramiro"/>
    <property name="user.timezone" value=""/>
    <property name="java.awt.printerjob" value="sun.print.PSPrinterJob"/>
    <property name="file.encoding" value="UTF-8"/>
    <property name="java.specification.version" value="1.6"/>
    <property name="user.name" value="ramiro"/>
    <property name="java.class.path" value="/home/ramiro/tecPlata/workspace/exampleCamelCXF/target/test-classes:/home/ramiro/tecPlata/workspace/exampleCamelCXF/target/classes:/home/ramiro/.m2/repository/org/springframework/spring-context/3.0.7.RELEASE/spring-context-3.0.7.RELEASE.jar:/home/ramiro/.m2/repository/org/springframework/spring-aop/3.0.7.RELEASE/spring-aop-3.0.7.RELEASE.jar:/home/ramiro/.m2/repository/aopalliance/aopalliance/1.0/aopalliance-1.0.jar:/home/ramiro/.m2/repository/org/springframework/spring-asm/3.0.7.RELEASE/spring-asm-3.0.7.RELEASE.jar:/home/ramiro/.m2/repository/org/springframework/spring-beans/3.0.7.RELEASE/spring-beans-3.0.7.RELEASE.jar:/home/ramiro/.m2/repository/org/springframework/spring-core/3.0.7.RELEASE/spring-core-3.0.7.RELEASE.jar:/home/ramiro/.m2/repository/commons-logging/commons-logging/1.1.1/commons-logging-1.1.1.jar:/home/ramiro/.m2/repository/org/springframework/spring-expression/3.0.7.RELEASE/spring-expression-3.0.7.RELEASE.jar:/home/ramiro/.m2/repository/org/springframework/spring-tx/3.0.7.RELEASE/spring-tx-3.0.7.RELEASE.jar:/home/ramiro/.m2/repository/org/apache/camel/camel-spring/2.10.0.redhat-60024/camel-spring-2.10.0.redhat-60024.jar:/home/ramiro/.m2/repository/org/apache/camel/camel-core/2.10.0.redhat-60024/camel-core-2.10.0.redhat-60024.jar:/home/ramiro/.m2/repository/org/slf4j/slf4j-api/1.6.6/slf4j-api-1.6.6.jar:/home/ramiro/.m2/repository/org/apache/camel/camel-cxf/2.10.0.redhat-60024/camel-cxf-2.10.0.redhat-60024.jar:/home/ramiro/.m2/repository/org/apache/camel/camel-cxf-transport/2.10.0.redhat-60024/camel-cxf-transport-2.10.0.redhat-60024.jar:/home/ramiro/.m2/repository/org/apache/cxf/cxf-rt-core/2.6.0.redhat-60024/cxf-rt-core-2.6.0.redhat-60024.jar:/home/ramiro/.m2/repository/org/apache/cxf/cxf-api/2.6.0.redhat-60024/cxf-api-2.6.0.redhat-60024.jar:/home/ramiro/.m2/repository/org/codehaus/woodstox/woodstox-core-asl/4.2.0/woodstox-core-asl-4.2.0.jar:/home/ramiro/.m2/repository/org/codehaus/woodstox/stax2-api/3.1.1/stax2-api-3.1.1.jar:/home/ramiro/.m2/repository/org/apache/ws/xmlschema/xmlschema-core/2.0.3/xmlschema-core-2.0.3.jar:/home/ramiro/.m2/repository/org/apache/geronimo/specs/geronimo-javamail_1.4_spec/1.7.1/geronimo-javamail_1.4_spec-1.7.1.jar:/home/ramiro/.m2/repository/wsdl4j/wsdl4j/1.6.2/wsdl4j-1.6.2.jar:/home/ramiro/.m2/repository/com/sun/xml/bind/jaxb-impl/2.1.13/jaxb-impl-2.1.13.jar:/home/ramiro/.m2/repository/org/apache/cxf/cxf-rt-bindings-soap/2.6.0.redhat-60024/cxf-rt-bindings-soap-2.6.0.redhat-60024.jar:/home/ramiro/.m2/repository/org/apache/cxf/cxf-rt-databinding-jaxb/2.6.0.redhat-60024/cxf-rt-databinding-jaxb-2.6.0.redhat-60024.jar:/home/ramiro/.m2/repository/org/apache/cxf/cxf-rt-frontend-jaxrs/2.6.0.redhat-60024/cxf-rt-frontend-jaxrs-2.6.0.redhat-60024.jar:/home/ramiro/.m2/repository/javax/ws/rs/jsr311-api/1.1.1/jsr311-api-1.1.1.jar:/home/ramiro/.m2/repository/org/apache/cxf/cxf-rt-bindings-xml/2.6.0.redhat-60024/cxf-rt-bindings-xml-2.6.0.redhat-60024.jar:/home/ramiro/.m2/repository/org/apache/cxf/cxf-rt-transports-http/2.6.0.redhat-60024/cxf-rt-transports-http-2.6.0.redhat-60024.jar:/home/ramiro/.m2/repository/org/apache/cxf/cxf-rt-frontend-jaxws/2.6.0.redhat-60024/cxf-rt-frontend-jaxws-2.6.0.redhat-60024.jar:/home/ramiro/.m2/repository/xml-resolver/xml-resolver/1.2/xml-resolver-1.2.jar:/home/ramiro/.m2/repository/asm/asm/3.3.1/asm-3.3.1.jar:/home/ramiro/.m2/repository/org/apache/cxf/cxf-rt-frontend-simple/2.6.0.redhat-60024/cxf-rt-frontend-simple-2.6.0.redhat-60024.jar:/home/ramiro/.m2/repository/org/apache/cxf/cxf-rt-ws-addr/2.6.0.redhat-60024/cxf-rt-ws-addr-2.6.0.redhat-60024.jar:/home/ramiro/.m2/repository/org/apache/cxf/cxf-rt-ws-policy/2.6.0.redhat-60024/cxf-rt-ws-policy-2.6.0.redhat-60024.jar:/home/ramiro/.m2/repository/org/apache/neethi/neethi/3.0.2/neethi-3.0.2.jar:/home/ramiro/.m2/repository/org/apache/camel/camel-blueprint/2.10.0.redhat-60024/camel-blueprint-2.10.0.redhat-60024.jar:/home/ramiro/.m2/repository/org/apache/camel/camel-core-xml/2.10.0.redhat-60024/camel-core-xml-2.10.0.redhat-60024.jar:/home/ramiro/.m2/repository/org/apache/camel/camel-core-osgi/2.10.0.redhat-60024/camel-core-osgi-2.10.0.redhat-60024.jar:/home/ramiro/.m2/repository/org/apache/aries/blueprint/org.apache.aries.blueprint/1.0.1.redhat-60024/org.apache.aries.blueprint-1.0.1.redhat-60024.jar:/home/ramiro/.m2/repository/org/apache/camel/camel-jetty/2.10.0.redhat-60024/camel-jetty-2.10.0.redhat-60024.jar:/home/ramiro/.m2/repository/org/apache/camel/camel-http/2.10.0.redhat-60024/camel-http-2.10.0.redhat-60024.jar:/home/ramiro/.m2/repository/org/apache/geronimo/specs/geronimo-servlet_2.5_spec/1.1.2/geronimo-servlet_2.5_spec-1.1.2.jar:/home/ramiro/.m2/repository/commons-httpclient/commons-httpclient/3.1/commons-httpclient-3.1.jar:/home/ramiro/.m2/repository/commons-codec/commons-codec/1.6/commons-codec-1.6.jar:/home/ramiro/.m2/repository/org/eclipse/jetty/jetty-server/7.6.7.v20120910/jetty-server-7.6.7.v20120910.jar:/home/ramiro/.m2/repository/org/eclipse/jetty/orbit/javax.servlet/2.5.0.v201103041518/javax.servlet-2.5.0.v201103041518.jar:/home/ramiro/.m2/repository/org/eclipse/jetty/jetty-continuation/7.6.7.v20120910/jetty-continuation-7.6.7.v20120910.jar:/home/ramiro/.m2/repository/org/eclipse/jetty/jetty-http/7.6.7.v20120910/jetty-http-7.6.7.v20120910.jar:/home/ramiro/.m2/repository/org/eclipse/jetty/jetty-io/7.6.7.v20120910/jetty-io-7.6.7.v20120910.jar:/home/ramiro/.m2/repository/org/eclipse/jetty/jetty-util/7.6.7.v20120910/jetty-util-7.6.7.v20120910.jar:/home/ramiro/.m2/repository/org/eclipse/jetty/jetty-security/7.6.7.v20120910/jetty-security-7.6.7.v20120910.jar:/home/ramiro/.m2/repository/org/eclipse/jetty/jetty-servlet/7.6.7.v20120910/jetty-servlet-7.6.7.v20120910.jar:/home/ramiro/.m2/repository/org/eclipse/jetty/jetty-servlets/7.6.7.v20120910/jetty-servlets-7.6.7.v20120910.jar:/home/ramiro/.m2/repository/org/eclipse/jetty/jetty-client/7.6.7.v20120910/jetty-client-7.6.7.v20120910.jar:/home/ramiro/.m2/repository/org/eclipse/jetty/jetty-jmx/7.6.7.v20120910/jetty-jmx-7.6.7.v20120910.jar:/home/ramiro/.m2/repository/org/apache/camel/camel-jms/2.10.0.redhat-60024/camel-jms-2.10.0.redhat-60024.jar:/home/ramiro/.m2/repository/org/springframework/spring-jms/3.1.3.RELEASE/spring-jms-3.1.3.RELEASE.jar:/home/ramiro/.m2/repository/org/apache/camel/camel-test-spring/2.10.0.redhat-60024/camel-test-spring-2.10.0.redhat-60024.jar:/home/ramiro/.m2/repository/org/apache/camel/camel-test/2.10.0.redhat-60024/camel-test-2.10.0.redhat-60024.jar:/home/ramiro/.m2/repository/junit/junit/4.10/junit-4.10.jar:/home/ramiro/.m2/repository/org/hamcrest/hamcrest-core/1.1/hamcrest-core-1.1.jar:/home/ramiro/.m2/repository/org/springframework/spring-test/3.1.3.RELEASE/spring-test-3.1.3.RELEASE.jar:/home/ramiro/.m2/repository/org/slf4j/slf4j-log4j12/1.6.1/slf4j-log4j12-1.6.1.jar:/home/ramiro/.m2/repository/log4j/log4j/1.2.16/log4j-1.2.16.jar:"/>
    <property name="java.vm.specification.version" value="1.0"/>
    <property name="sun.arch.data.model" value="32"/>
    <property name="java.home" value="/usr/lib/jvm/java-6-sun-1.6.0.30/jre"/>
    <property name="sun.java.command" value="/tmp/surefirebooter6625387942429397409.jar /tmp/surefire4073200578342627301tmp /tmp/surefire3638777172906213004tmp"/>
    <property name="java.specification.vendor" value="Sun Microsystems Inc."/>
    <property name="user.language" value="es"/>
    <property name="java.vm.info" value="mixed mode"/>
    <property name="java.version" value="1.6.0_30"/>
    <property name="java.ext.dirs" value="/usr/lib/jvm/java-6-sun-1.6.0.30/jre/lib/ext:/usr/java/packages/lib/ext"/>
    <property name="sun.boot.class.path" value="/usr/lib/jvm/java-6-sun-1.6.0.30/jre/lib/resources.jar:/usr/lib/jvm/java-6-sun-1.6.0.30/jre/lib/rt.jar:/usr/lib/jvm/java-6-sun-1.6.0.30/jre/lib/sunrsasign.jar:/usr/lib/jvm/java-6-sun-1.6.0.30/jre/lib/jsse.jar:/usr/lib/jvm/java-6-sun-1.6.0.30/jre/lib/jce.jar:/usr/lib/jvm/java-6-sun-1.6.0.30/jre/lib/charsets.jar:/usr/lib/jvm/java-6-sun-1.6.0.30/jre/lib/modules/jdk.boot.jar:/usr/lib/jvm/java-6-sun-1.6.0.30/jre/classes"/>
    <property name="java.vendor" value="Sun Microsystems Inc."/>
    <property name="localRepository" value="/home/ramiro/.m2/repository"/>
    <property name="file.separator" value="/"/>
    <property name="java.vendor.url.bug" value="http://java.sun.com/cgi-bin/bugreport.cgi"/>
    <property name="sun.cpu.endian" value="little"/>
    <property name="sun.io.unicode.encoding" value="UnicodeLittle"/>
    <property name="sun.desktop" value="gnome"/>
    <property name="sun.cpu.isalist" value=""/>
  </properties>
  <testcase time="0.003" classname="com.tecplata.esb.test.camel.CamelMockedRouteTest" name="initializationError">
    <error message="org.springframework.beans.BeanUtils.instantiateClass(Ljava/lang/Class;Ljava/lang/Class;)Ljava/lang/Object;" type="java.lang.NoSuchMethodError">java.lang.NoSuchMethodError: org.springframework.beans.BeanUtils.instantiateClass(Ljava/lang/Class;Ljava/lang/Class;)Ljava/lang/Object;
	at org.springframework.test.context.ContextLoaderUtils.resolveContextLoader(ContextLoaderUtils.java:87)
	at org.springframework.test.context.ContextLoaderUtils.buildMergedContextConfiguration(ContextLoaderUtils.java:298)
	at org.springframework.test.context.TestContext.&lt;init&gt;(TestContext.java:100)
	at org.springframework.test.context.TestContextManager.&lt;init&gt;(TestContextManager.java:117)
	at org.apache.camel.test.junit4.CamelSpringJUnit4ClassRunner$CamelTestContextManager.&lt;init&gt;(CamelSpringJUnit4ClassRunner.java:72)
	at org.apache.camel.test.junit4.CamelSpringJUnit4ClassRunner.createTestContextManager(CamelSpringJUnit4ClassRunner.java:51)
	at org.springframework.test.context.junit4.SpringJUnit4ClassRunner.&lt;init&gt;(SpringJUnit4ClassRunner.java:108)
	at org.apache.camel.test.junit4.CamelSpringJUnit4ClassRunner.&lt;init&gt;(CamelSpringJUnit4ClassRunner.java:40)
	at sun.reflect.NativeConstructorAccessorImpl.newInstance0(Native Method)
	at sun.reflect.NativeConstructorAccessorImpl.newInstance(NativeConstructorAccessorImpl.java:39)
	at sun.reflect.DelegatingConstructorAccessorImpl.newInstance(DelegatingConstructorAccessorImpl.java:27)
	at java.lang.reflect.Constructor.newInstance(Constructor.java:513)
	at org.junit.internal.builders.AnnotatedBuilder.buildRunner(AnnotatedBuilder.java:31)
	at org.junit.internal.builders.AnnotatedBuilder.runnerForClass(AnnotatedBuilder.java:24)
	at org.junit.runners.model.RunnerBuilder.safeRunnerForClass(RunnerBuilder.java:57)
	at org.junit.internal.builders.AllDefaultPossibilitiesBuilder.runnerForClass(AllDefaultPossibilitiesBuilder.java:29)
	at org.junit.runners.model.RunnerBuilder.safeRunnerForClass(RunnerBuilder.java:57)
	at org.junit.internal.requests.ClassRequest.getRunner(ClassRequest.java:24)
	at org.apache.maven.surefire.junit4.JUnit4TestSet.&lt;init&gt;(JUnit4TestSet.java:45)
	at org.apache.maven.surefire.junit4.JUnit4DirectoryTestSuite.createTestSet(JUnit4DirectoryTestSuite.java:56)
	at org.apache.maven.surefire.suite.AbstractDirectoryTestSuite.locateTestSets(AbstractDirectoryTestSuite.java:96)
	at org.apache.maven.surefire.Surefire.createSuiteFromDefinition(Surefire.java:209)
	at org.apache.maven.surefire.Surefire.run(Surefire.java:156)
	at sun.reflect.NativeMethodAccessorImpl.invoke0(Native Method)
	at sun.reflect.NativeMethodAccessorImpl.invoke(NativeMethodAccessorImpl.java:39)
	at sun.reflect.DelegatingMethodAccessorImpl.invoke(DelegatingMethodAccessorImpl.java:25)
	at java.lang.reflect.Method.invoke(Method.java:597)
	at org.apache.maven.surefire.booter.SurefireBooter.runSuitesInProcess(SurefireBooter.java:345)
	at org.apache.maven.surefire.booter.SurefireBooter.main(SurefireBooter.java:1009)
</error>
  </testcase>
</testsuite>